<?xml version="1.0" encoding="UTF-8"?>
<testsuite name="finalmission.reservation.service.ReservationServiceTest" tests="14" skipped="0" failures="0" errors="0" timestamp="2025-06-14T11:45:47.335Z" hostname="choedongjun-ui-MacBookPro.local" time="0.163">
  <properties/>
  <testcase name="멤버 예약 조회 성공 테스트" classname="finalmission.reservation.service.ReservationServiceTest" time="0.083"/>
  <testcase name="멤버 예약 조회시 해당하는 멤버 정보가 없으면 예외" classname="finalmission.reservation.service.ReservationServiceTest" time="0.006"/>
  <testcase name="수정 시 해당하는 예약이 없으면 예외" classname="finalmission.reservation.service.ReservationServiceTest" time="0.005"/>
  <testcase name="수정 시 멤버 본인의 예약이 아니면 예외" classname="finalmission.reservation.service.ReservationServiceTest" time="0.007"/>
  <testcase name="예약 수정 정상 진행 테스트" classname="finalmission.reservation.service.ReservationServiceTest" time="0.009"/>
  <testcase name="조회 시 예약 id에 해당하는 예약 정보가 없으면 예외" classname="finalmission.reservation.service.ReservationServiceTest" time="0.002"/>
  <testcase name="삭제 시 예약 id에 해당하는 예약 정보가 없으면 예외" classname="finalmission.reservation.service.ReservationServiceTest" time="0.005"/>
  <testcase name="삭제 시 멤버 본인의 예약이 아니면 예외" classname="finalmission.reservation.service.ReservationServiceTest" time="0.005"/>
  <testcase name="정상 삭제 진행 테스트" classname="finalmission.reservation.service.ReservationServiceTest" time="0.008"/>
  <testcase name="예약 생성 시 멤버 정보가 없으면 예외" classname="finalmission.reservation.service.ReservationServiceTest" time="0.004"/>
  <testcase name="예약 생성 시 식당 정보가 없으면 예외" classname="finalmission.reservation.service.ReservationServiceTest" time="0.005"/>
  <testcase name="정상 예약 생성 테스트" classname="finalmission.reservation.service.ReservationServiceTest" time="0.008"/>
  <testcase name="식당 예약 조회 성공 테스트" classname="finalmission.reservation.service.ReservationServiceTest" time="0.007"/>
  <testcase name="식당 예약 조회시 해당하는 멤버 정보가 없으면 예외" classname="finalmission.reservation.service.ReservationServiceTest" time="0.005"/>
  <system-out><![CDATA[2025-06-14T20:45:47.189+09:00  INFO 55140 --- [lv2-final-mission] [    Test worker] t.c.s.AnnotationConfigContextLoaderUtils : Could not detect default configuration classes for test class [finalmission.reservation.service.ReservationServiceTest]: ReservationServiceTest does not declare any static, non-private, non-final, nested classes annotated with @Configuration.
2025-06-14T20:45:47.190+09:00  INFO 55140 --- [lv2-final-mission] [    Test worker] .b.t.c.SpringBootTestContextBootstrapper : Found @SpringBootConfiguration finalmission.FinalMissionApplication for test class finalmission.reservation.service.ReservationServiceTest

  .   ____          _            __ _ _
 /\\ / ___'_ __ _ _(_)_ __  __ _ \ \ \ \
( ( )\___ | '_ | '_| | '_ \/ _` | \ \ \ \
 \\/  ___)| |_)| | | | | || (_| |  ) ) ) )
  '  |____| .__|_| |_|_| |_\__, | / / / /
 =========|_|==============|___/=/_/_/_/

 :: Spring Boot ::                (v3.4.4)

2025-06-14T20:45:47.205+09:00  INFO 55140 --- [lv2-final-mission] [    Test worker] f.r.service.ReservationServiceTest       : Starting ReservationServiceTest using Java 21.0.6 with PID 55140 (started by choidongjun in /Users/choidongjun/IdeaProjects/lv2-final-mission)
2025-06-14T20:45:47.205+09:00  INFO 55140 --- [lv2-final-mission] [    Test worker] f.r.service.ReservationServiceTest       : The following 1 profile is active: "test"
2025-06-14T20:45:47.238+09:00  INFO 55140 --- [lv2-final-mission] [    Test worker] .s.d.r.c.RepositoryConfigurationDelegate : Bootstrapping Spring Data JPA repositories in DEFAULT mode.
2025-06-14T20:45:47.242+09:00  INFO 55140 --- [lv2-final-mission] [    Test worker] .s.d.r.c.RepositoryConfigurationDelegate : Finished Spring Data repository scanning in 3 ms. Found 3 JPA repository interfaces.
2025-06-14T20:45:47.265+09:00  INFO 55140 --- [lv2-final-mission] [    Test worker] o.hibernate.jpa.internal.util.LogHelper  : HHH000204: Processing PersistenceUnitInfo [name: default]
2025-06-14T20:45:47.266+09:00  INFO 55140 --- [lv2-final-mission] [    Test worker] o.h.c.internal.RegionFactoryInitiator    : HHH000026: Second-level cache disabled
2025-06-14T20:45:47.270+09:00  INFO 55140 --- [lv2-final-mission] [    Test worker] o.s.o.j.p.SpringPersistenceUnitInfo      : No LoadTimeWeaver setup: ignoring JPA class transformer
2025-06-14T20:45:47.270+09:00  INFO 55140 --- [lv2-final-mission] [    Test worker] com.zaxxer.hikari.HikariDataSource       : HikariPool-2 - Starting...
2025-06-14T20:45:47.271+09:00  INFO 55140 --- [lv2-final-mission] [    Test worker] com.zaxxer.hikari.pool.HikariPool        : HikariPool-2 - Added connection conn10: url=jdbc:h2:mem:test user=SA
2025-06-14T20:45:47.271+09:00  INFO 55140 --- [lv2-final-mission] [    Test worker] com.zaxxer.hikari.HikariDataSource       : HikariPool-2 - Start completed.
2025-06-14T20:45:47.271+09:00  INFO 55140 --- [lv2-final-mission] [    Test worker] org.hibernate.orm.connections.pooling    : HHH10001005: Database info:
	Database JDBC URL [Connecting through datasource 'HikariDataSource (HikariPool-2)']
	Database driver: undefined/unknown
	Database version: 2.3.232
	Autocommit mode: undefined/unknown
	Isolation level: undefined/unknown
	Minimum pool size: undefined/unknown
	Maximum pool size: undefined/unknown
2025-06-14T20:45:47.291+09:00  INFO 55140 --- [lv2-final-mission] [    Test worker] o.h.e.t.j.p.i.JtaPlatformInitiator       : HHH000489: No JTA platform available (set 'hibernate.transaction.jta.platform' to enable JTA platform integration)
Hibernate: 
    drop table if exists member cascade 
Hibernate: 
    drop table if exists reservation cascade 
Hibernate: 
    drop table if exists restaurant cascade 
Hibernate: 
    create table member (
        id bigint generated by default as identity,
        email varchar(255),
        name varchar(255),
        password varchar(255),
        primary key (id)
    )
Hibernate: 
    create table reservation (
        personnel integer not null,
        id bigint generated by default as identity,
        member_id bigint,
        reservation_date_time timestamp(6),
        restaurant_id bigint,
        primary key (id)
    )
Hibernate: 
    create table restaurant (
        id bigint generated by default as identity,
        address varchar(255),
        name varchar(255),
        menus varchar(255) array,
        primary key (id)
    )
Hibernate: 
    alter table if exists reservation 
       add constraint FK68999qe28ym9eqqlowybh9nvn 
       foreign key (member_id) 
       references member
Hibernate: 
    alter table if exists reservation 
       add constraint FKbna4xjm3tqln2j6kda3fl2yiy 
       foreign key (restaurant_id) 
       references restaurant
2025-06-14T20:45:47.295+09:00  INFO 55140 --- [lv2-final-mission] [    Test worker] j.LocalContainerEntityManagerFactoryBean : Initialized JPA EntityManagerFactory for persistence unit 'default'
2025-06-14T20:45:47.329+09:00  WARN 55140 --- [lv2-final-mission] [    Test worker] ion$DefaultTemplateResolverConfiguration : Cannot find template location: classpath:/templates/ (please add some templates, check your Thymeleaf configuration, or set spring.thymeleaf.check-template-location=false)
2025-06-14T20:45:47.334+09:00  INFO 55140 --- [lv2-final-mission] [    Test worker] f.r.service.ReservationServiceTest       : Started ReservationServiceTest in 0.143 seconds (process running for 2.512)
Hibernate: 
    insert 
    into
        member
        (email, name, password, id) 
    values
        (?, ?, ?, default)
Hibernate: 
    insert 
    into
        restaurant
        (address, menus, name, id) 
    values
        (?, ?, ?, default)
Hibernate: 
    insert 
    into
        reservation
        (member_id, personnel, reservation_date_time, restaurant_id, id) 
    values
        (?, ?, ?, ?, default)
Hibernate: 
    select
        m1_0.id,
        m1_0.email,
        m1_0.name,
        m1_0.password 
    from
        member m1_0 
    where
        m1_0.id=?
Hibernate: 
    select
        r1_0.id,
        r1_0.member_id,
        r1_0.personnel,
        r1_0.reservation_date_time,
        r1_0.restaurant_id 
    from
        reservation r1_0 
    left join
        member m1_0 
            on m1_0.id=r1_0.member_id 
    where
        m1_0.id=?
Hibernate: 
    select
        r1_0.id,
        r1_0.address,
        r1_0.menus,
        r1_0.name 
    from
        restaurant r1_0 
    where
        r1_0.id=?
Hibernate: 
    select
        m1_0.id,
        m1_0.email,
        m1_0.name,
        m1_0.password 
    from
        member m1_0 
    where
        m1_0.id=?
Hibernate: 
    select
        r1_0.id,
        r1_0.address,
        r1_0.menus,
        r1_0.name 
    from
        restaurant r1_0 
    where
        r1_0.id=?
Hibernate: 
    insert 
    into
        reservation
        (member_id, personnel, reservation_date_time, restaurant_id, id) 
    values
        (?, ?, ?, ?, default)
Hibernate: 
    select
        m1_0.id,
        m1_0.email,
        m1_0.name,
        m1_0.password 
    from
        member m1_0 
    where
        m1_0.id=?
Hibernate: 
    select
        m1_0.id,
        m1_0.email,
        m1_0.name,
        m1_0.password 
    from
        member m1_0 
    where
        m1_0.id=?
Hibernate: 
    select
        r1_0.id,
        r1_0.address,
        r1_0.menus,
        r1_0.name 
    from
        restaurant r1_0 
    where
        r1_0.id=?
Hibernate: 
    insert 
    into
        reservation
        (member_id, personnel, reservation_date_time, restaurant_id, id) 
    values
        (?, ?, ?, ?, default)
Hibernate: 
    select
        r1_0.id,
        r1_0.member_id,
        r1_0.personnel,
        r1_0.reservation_date_time,
        r1_0.restaurant_id 
    from
        reservation r1_0 
    where
        r1_0.id=?
Hibernate: 
    select
        m1_0.id,
        m1_0.email,
        m1_0.name,
        m1_0.password 
    from
        member m1_0 
    where
        m1_0.id=?
Hibernate: 
    insert 
    into
        member
        (email, name, password, id) 
    values
        (?, ?, ?, default)
Hibernate: 
    select
        r1_0.id,
        r1_0.address,
        r1_0.menus,
        r1_0.name 
    from
        restaurant r1_0 
    where
        r1_0.id=?
Hibernate: 
    insert 
    into
        reservation
        (member_id, personnel, reservation_date_time, restaurant_id, id) 
    values
        (?, ?, ?, ?, default)
Hibernate: 
    select
        r1_0.id,
        r1_0.member_id,
        r1_0.personnel,
        r1_0.reservation_date_time,
        r1_0.restaurant_id 
    from
        reservation r1_0 
    where
        r1_0.id=?
Hibernate: 
    select
        m1_0.id,
        m1_0.email,
        m1_0.name,
        m1_0.password 
    from
        member m1_0 
    where
        m1_0.id=?
Hibernate: 
    select
        m1_0.id,
        m1_0.email,
        m1_0.name,
        m1_0.password 
    from
        member m1_0 
    where
        m1_0.id=?
Hibernate: 
    select
        r1_0.id,
        r1_0.address,
        r1_0.menus,
        r1_0.name 
    from
        restaurant r1_0 
    where
        r1_0.id=?
Hibernate: 
    insert 
    into
        reservation
        (member_id, personnel, reservation_date_time, restaurant_id, id) 
    values
        (?, ?, ?, ?, default)
Hibernate: 
    select
        r1_0.id,
        r1_0.member_id,
        r1_0.personnel,
        r1_0.reservation_date_time,
        r1_0.restaurant_id 
    from
        reservation r1_0 
    where
        r1_0.id=?
Hibernate: 
    select
        m1_0.id,
        m1_0.email,
        m1_0.name,
        m1_0.password 
    from
        member m1_0 
    where
        m1_0.id=?
Hibernate: 
    select
        r1_0.id,
        r1_0.address,
        r1_0.menus,
        r1_0.name 
    from
        restaurant r1_0 
    where
        r1_0.id=?
Hibernate: 
    update
        reservation 
    set
        member_id=?,
        personnel=?,
        reservation_date_time=?,
        restaurant_id=? 
    where
        id=?
Hibernate: 
    select
        r1_0.id,
        r1_0.member_id,
        r1_0.personnel,
        r1_0.reservation_date_time,
        r1_0.restaurant_id 
    from
        reservation r1_0 
    where
        r1_0.id=?
Hibernate: 
    select
        m1_0.id,
        m1_0.email,
        m1_0.name,
        m1_0.password 
    from
        member m1_0 
    where
        m1_0.id=?
Hibernate: 
    select
        r1_0.id,
        r1_0.address,
        r1_0.menus,
        r1_0.name 
    from
        restaurant r1_0 
    where
        r1_0.id=?
Hibernate: 
    insert 
    into
        reservation
        (member_id, personnel, reservation_date_time, restaurant_id, id) 
    values
        (?, ?, ?, ?, default)
Hibernate: 
    select
        r1_0.id,
        r1_0.member_id,
        r1_0.personnel,
        r1_0.reservation_date_time,
        r1_0.restaurant_id 
    from
        reservation r1_0 
    where
        r1_0.id=?
Hibernate: 
    select
        m1_0.id,
        m1_0.email,
        m1_0.name,
        m1_0.password 
    from
        member m1_0 
    where
        m1_0.id=?
Hibernate: 
    select
        m1_0.id,
        m1_0.email,
        m1_0.name,
        m1_0.password 
    from
        member m1_0 
    where
        m1_0.id=?
Hibernate: 
    select
        r1_0.id,
        r1_0.address,
        r1_0.menus,
        r1_0.name 
    from
        restaurant r1_0 
    where
        r1_0.id=?
Hibernate: 
    insert 
    into
        reservation
        (member_id, personnel, reservation_date_time, restaurant_id, id) 
    values
        (?, ?, ?, ?, default)
Hibernate: 
    select
        r1_0.id,
        r1_0.member_id,
        r1_0.personnel,
        r1_0.reservation_date_time,
        r1_0.restaurant_id 
    from
        reservation r1_0 
    where
        r1_0.id=?
Hibernate: 
    select
        m1_0.id,
        m1_0.email,
        m1_0.name,
        m1_0.password 
    from
        member m1_0 
    where
        m1_0.id=?
Hibernate: 
    select
        m1_0.id,
        m1_0.email,
        m1_0.name,
        m1_0.password 
    from
        member m1_0 
    where
        m1_0.id=?
Hibernate: 
    select
        r1_0.id,
        r1_0.address,
        r1_0.menus,
        r1_0.name 
    from
        restaurant r1_0 
    where
        r1_0.id=?
Hibernate: 
    insert 
    into
        reservation
        (member_id, personnel, reservation_date_time, restaurant_id, id) 
    values
        (?, ?, ?, ?, default)
Hibernate: 
    select
        r1_0.id,
        r1_0.member_id,
        r1_0.personnel,
        r1_0.reservation_date_time,
        r1_0.restaurant_id 
    from
        reservation r1_0 
    where
        r1_0.id=?
Hibernate: 
    select
        m1_0.id,
        m1_0.email,
        m1_0.name,
        m1_0.password 
    from
        member m1_0 
    where
        m1_0.id=?
Hibernate: 
    delete 
    from
        reservation 
    where
        id=?
Hibernate: 
    select
        r1_0.id,
        r1_0.member_id,
        r1_0.personnel,
        r1_0.reservation_date_time,
        r1_0.restaurant_id 
    from
        reservation r1_0 
    where
        r1_0.id=?
Hibernate: 
    select
        m1_0.id,
        m1_0.email,
        m1_0.name,
        m1_0.password 
    from
        member m1_0 
    where
        m1_0.id=?
Hibernate: 
    select
        r1_0.id,
        r1_0.address,
        r1_0.menus,
        r1_0.name 
    from
        restaurant r1_0 
    where
        r1_0.id=?
Hibernate: 
    insert 
    into
        reservation
        (member_id, personnel, reservation_date_time, restaurant_id, id) 
    values
        (?, ?, ?, ?, default)
Hibernate: 
    select
        m1_0.id,
        m1_0.email,
        m1_0.name,
        m1_0.password 
    from
        member m1_0 
    where
        m1_0.id=?
Hibernate: 
    select
        m1_0.id,
        m1_0.email,
        m1_0.name,
        m1_0.password 
    from
        member m1_0 
    where
        m1_0.id=?
Hibernate: 
    select
        r1_0.id,
        r1_0.address,
        r1_0.menus,
        r1_0.name 
    from
        restaurant r1_0 
    where
        r1_0.id=?
Hibernate: 
    insert 
    into
        reservation
        (member_id, personnel, reservation_date_time, restaurant_id, id) 
    values
        (?, ?, ?, ?, default)
Hibernate: 
    select
        m1_0.id,
        m1_0.email,
        m1_0.name,
        m1_0.password 
    from
        member m1_0 
    where
        m1_0.id=?
Hibernate: 
    select
        r1_0.id,
        r1_0.address,
        r1_0.menus,
        r1_0.name 
    from
        restaurant r1_0 
    where
        r1_0.id=?
Hibernate: 
    select
        m1_0.id,
        m1_0.email,
        m1_0.name,
        m1_0.password 
    from
        member m1_0 
    where
        m1_0.id=?
Hibernate: 
    select
        r1_0.id,
        r1_0.address,
        r1_0.menus,
        r1_0.name 
    from
        restaurant r1_0 
    where
        r1_0.id=?
Hibernate: 
    insert 
    into
        reservation
        (member_id, personnel, reservation_date_time, restaurant_id, id) 
    values
        (?, ?, ?, ?, default)
Hibernate: 
    select
        m1_0.id,
        m1_0.email,
        m1_0.name,
        m1_0.password 
    from
        member m1_0 
    where
        m1_0.id=?
Hibernate: 
    select
        r1_0.id,
        r1_0.address,
        r1_0.menus,
        r1_0.name 
    from
        restaurant r1_0 
    where
        r1_0.id=?
Hibernate: 
    insert 
    into
        reservation
        (member_id, personnel, reservation_date_time, restaurant_id, id) 
    values
        (?, ?, ?, ?, default)
Hibernate: 
    select
        m1_0.id,
        m1_0.email,
        m1_0.name,
        m1_0.password 
    from
        member m1_0 
    where
        m1_0.id=?
Hibernate: 
    select
        r1_0.id,
        r1_0.address,
        r1_0.menus,
        r1_0.name 
    from
        restaurant r1_0 
    where
        r1_0.id=?
Hibernate: 
    insert 
    into
        reservation
        (member_id, personnel, reservation_date_time, restaurant_id, id) 
    values
        (?, ?, ?, ?, default)
Hibernate: 
    select
        r1_0.id,
        r1_0.address,
        r1_0.menus,
        r1_0.name 
    from
        restaurant r1_0 
    where
        r1_0.id=?
Hibernate: 
    select
        r1_0.id,
        r1_0.member_id,
        r1_0.personnel,
        r1_0.reservation_date_time,
        r1_0.restaurant_id 
    from
        reservation r1_0 
    left join
        restaurant r2_0 
            on r2_0.id=r1_0.restaurant_id 
    where
        r2_0.id=?
Hibernate: 
    select
        m1_0.id,
        m1_0.email,
        m1_0.name,
        m1_0.password 
    from
        member m1_0 
    where
        m1_0.id=?
Hibernate: 
    select
        m1_0.id,
        m1_0.email,
        m1_0.name,
        m1_0.password 
    from
        member m1_0 
    where
        m1_0.id=?
Hibernate: 
    select
        r1_0.id,
        r1_0.address,
        r1_0.menus,
        r1_0.name 
    from
        restaurant r1_0 
    where
        r1_0.id=?
Hibernate: 
    insert 
    into
        reservation
        (member_id, personnel, reservation_date_time, restaurant_id, id) 
    values
        (?, ?, ?, ?, default)
Hibernate: 
    select
        r1_0.id,
        r1_0.address,
        r1_0.menus,
        r1_0.name 
    from
        restaurant r1_0 
    where
        r1_0.id=?
]]></system-out>
  <system-err><![CDATA[]]></system-err>
</testsuite>
